<?xml version="1.0" encoding="UTF-8"?>
<testng-results ignored="0" total="3" passed="2" failed="1" skipped="0">
  <reporter-output>
  </reporter-output>
  <suite started-at="2022-01-07T12:21:41 IST" name="Freight Club Suite" finished-at="2022-01-07T12:22:22 IST" duration-ms="41400">
    <groups>
    </groups>
    <test started-at="2022-01-07T12:21:41 IST" name="Test Login" finished-at="2022-01-07T12:21:51 IST" duration-ms="9789">
      <class name="testscripts.TestLoginTestNG">
        <test-method signature="testLogin()[pri:0, instance:testscripts.TestLoginTestNG@5bf0d49]" started-at="2022-01-07T12:21:41 IST" name="testLogin" finished-at="2022-01-07T12:21:50 IST" duration-ms="9205" status="FAIL">
          <exception class="java.lang.AssertionError">
            <message>
              <![CDATA[expected [Order Management - Freight Club1] but found [Order Management - Freight Club]]]>
            </message>
            <full-stacktrace>
              <![CDATA[java.lang.AssertionError: expected [Order Management - Freight Club1] but found [Order Management - Freight Club]
at org.testng.Assert.fail(Assert.java:99)
at org.testng.Assert.failNotEquals(Assert.java:1037)
at org.testng.Assert.assertEqualsImpl(Assert.java:140)
at org.testng.Assert.assertEquals(Assert.java:122)
at org.testng.Assert.assertEquals(Assert.java:629)
at org.testng.Assert.assertEquals(Assert.java:639)
at testscripts.TestLoginTestNG.testLogin(TestLoginTestNG.java:31)
at java.base/jdk.internal.reflect.NativeMethodAccessorImpl.invoke0(Native Method)
at java.base/jdk.internal.reflect.NativeMethodAccessorImpl.invoke(NativeMethodAccessorImpl.java:78)
at java.base/jdk.internal.reflect.DelegatingMethodAccessorImpl.invoke(DelegatingMethodAccessorImpl.java:43)
at java.base/java.lang.reflect.Method.invoke(Method.java:567)
at org.testng.internal.MethodInvocationHelper.invokeMethod(MethodInvocationHelper.java:133)
at org.testng.internal.TestInvoker.invokeMethod(TestInvoker.java:598)
at org.testng.internal.TestInvoker.invokeTestMethod(TestInvoker.java:173)
at org.testng.internal.MethodRunner.runInSequence(MethodRunner.java:46)
at org.testng.internal.TestInvoker$MethodInvocationAgent.invoke(TestInvoker.java:824)
at org.testng.internal.TestInvoker.invokeTestMethods(TestInvoker.java:146)
at org.testng.internal.TestMethodWorker.invokeTestMethods(TestMethodWorker.java:146)
at org.testng.internal.TestMethodWorker.run(TestMethodWorker.java:128)
at java.base/java.util.ArrayList.forEach(ArrayList.java:1511)
at org.testng.TestRunner.privateRun(TestRunner.java:794)
at org.testng.TestRunner.run(TestRunner.java:596)
at org.testng.SuiteRunner.runTest(SuiteRunner.java:377)
at org.testng.SuiteRunner.runSequentially(SuiteRunner.java:371)
at org.testng.SuiteRunner.privateRun(SuiteRunner.java:332)
at org.testng.SuiteRunner.run(SuiteRunner.java:276)
at org.testng.SuiteRunnerWorker.runSuite(SuiteRunnerWorker.java:53)
at org.testng.SuiteRunnerWorker.run(SuiteRunnerWorker.java:96)
at org.testng.TestNG.runSuitesSequentially(TestNG.java:1212)
at org.testng.TestNG.runSuitesLocally(TestNG.java:1134)
at org.testng.TestNG.runSuites(TestNG.java:1063)
at org.testng.TestNG.run(TestNG.java:1031)
at org.testng.remote.AbstractRemoteTestNG.run(AbstractRemoteTestNG.java:115)
at org.testng.remote.RemoteTestNG.initAndRun(RemoteTestNG.java:251)
at org.testng.remote.RemoteTestNG.main(RemoteTestNG.java:77)
]]>
            </full-stacktrace>
          </exception> <!-- java.lang.AssertionError -->
          <reporter-output>
          </reporter-output>
        </test-method> <!-- testLogin -->
      </class> <!-- testscripts.TestLoginTestNG -->
    </test> <!-- Test Login -->
    <test started-at="2022-01-07T12:21:51 IST" name="Test Add Locations" finished-at="2022-01-07T12:21:59 IST" duration-ms="8287">
      <class name="testscripts.TestAddLocationTestNG">
        <test-method signature="testAddLocation()[pri:0, instance:testscripts.TestAddLocationTestNG@4116aac9]" started-at="2022-01-07T12:21:51 IST" name="testAddLocation" finished-at="2022-01-07T12:21:59 IST" duration-ms="8280" status="PASS">
          <reporter-output>
          </reporter-output>
        </test-method> <!-- testAddLocation -->
      </class> <!-- testscripts.TestAddLocationTestNG -->
    </test> <!-- Test Add Locations -->
    <test started-at="2022-01-07T12:21:59 IST" name="Test Quick Quote" finished-at="2022-01-07T12:22:22 IST" duration-ms="23244">
      <class name="testscripts.TestQuickQuoteTestNG">
        <test-method is-config="true" signature="initializeBrowser()[pri:0, instance:testscripts.TestQuickQuoteTestNG@3857f613]" started-at="2022-01-07T12:21:30 IST" name="initializeBrowser" finished-at="2022-01-07T12:21:41 IST" duration-ms="11473" status="PASS">
          <reporter-output>
          </reporter-output>
        </test-method> <!-- initializeBrowser -->
        <test-method signature="testQuickQuote()[pri:0, instance:testscripts.TestQuickQuoteTestNG@3857f613]" started-at="2022-01-07T12:21:59 IST" name="testQuickQuote" finished-at="2022-01-07T12:22:22 IST" duration-ms="23238" status="PASS">
          <reporter-output>
          </reporter-output>
        </test-method> <!-- testQuickQuote -->
        <test-method is-config="true" signature="quickBrowser()[pri:0, instance:testscripts.TestQuickQuoteTestNG@3857f613]" started-at="2022-01-07T12:22:23 IST" name="quickBrowser" finished-at="2022-01-07T12:22:24 IST" duration-ms="1383" status="PASS">
          <reporter-output>
          </reporter-output>
        </test-method> <!-- quickBrowser -->
      </class> <!-- testscripts.TestQuickQuoteTestNG -->
    </test> <!-- Test Quick Quote -->
  </suite> <!-- Freight Club Suite -->
</testng-results>
